<?xml version="1.0" encoding="UTF-8"?>
<!-- Generated by org.testng.reporters.JUnitXMLReporter -->
<testsuite ignored="0" hostname="DESKTOP-MUG33TE" failures="0" tests="1" name="Test" time="8.979" errors="0" timestamp="2023-09-22T14:20:39 IST">
  <testcase classname="com.genericUtility.Base_Class" name="@BeforeMethod login_application" time="3.172">
    <failure type="java.lang.NullPointerException" message="Cannot invoke &amp;quot;org.openqa.selenium.SearchContext.findElement(org.openqa.selenium.By)&amp;quot; because &amp;quot;this.searchContext&amp;quot; is null">
      <![CDATA[java.lang.NullPointerException: Cannot invoke "org.openqa.selenium.SearchContext.findElement(org.openqa.selenium.By)" because "this.searchContext" is null
at org.openqa.selenium.support.pagefactory.DefaultElementLocator.findElement(DefaultElementLocator.java:70)
at org.openqa.selenium.support.pagefactory.internal.LocatingElementHandler.invoke(LocatingElementHandler.java:39)
at jdk.proxy2/jdk.proxy2.$Proxy13.sendKeys(Unknown Source)
at pageObject.Login_Page.enter_Username(Login_Page.java:42)
at com.genericUtility.Base_Class.login_application(Base_Class.java:100)
at java.base/java.util.ArrayList.forEach(ArrayList.java:1511)
... Removed 31 stack frames]]>
    </failure>
  </testcase> <!-- @BeforeMethod login_application -->
  <testcase classname="com.genericUtility.Base_Class" name="@AfterClass close_browser" time="0.0">
    <skipped/>
  </testcase> <!-- @AfterClass close_browser -->
  <testcase classname="selenium_java_project.valid_user_login_test" name="login_valid_user" time="0.0">
    <skipped/>
  </testcase> <!-- login_valid_user -->
</testsuite> <!-- Test -->
